[debug] [2026-07-03T00:26:01.213Z] ----------------------------------------------------------------------
[debug] [2026-07-03T00:26:01.216Z] Command:       C:\Program Files\nodejs\node.exe C:\Users\Project\AppData\Roaming\npm\node_modules\firebase-tools\lib\bin\firebase.js projects:list
[debug] [2026-07-03T00:26:01.216Z] CLI Version:   15.18.0
[debug] [2026-07-03T00:26:01.216Z] Platform:      win32
[debug] [2026-07-03T00:26:01.216Z] Node Version:  v24.14.1
[debug] [2026-07-03T00:26:01.216Z] Time:          Fri Jul 03 2026 08:26:01 GMT+0800 (Singapore Standard Time)
[debug] [2026-07-03T00:26:01.216Z] ----------------------------------------------------------------------
[debug] 
[debug] [2026-07-03T00:26:01.378Z] > command requires scopes: ["email","openid","https://www.googleapis.com/auth/cloudplatformprojects.readonly","https://www.googleapis.com/auth/firebase","https://www.googleapis.com/auth/cloud-platform"]
[debug] [2026-07-03T00:26:01.378Z] > authorizing via signed-in user (danzbusiness2019@gmail.com)
[debug] [2026-07-03T00:26:01.380Z] Checked if tokens are valid: false, expires at: 1783007529670
[debug] [2026-07-03T00:26:01.381Z] Checked if tokens are valid: false, expires at: 1783007529670
[debug] [2026-07-03T00:26:01.381Z] > refreshing access token with scopes: []
[debug] [2026-07-03T00:26:01.383Z] >>> [apiv2][query] POST https://www.googleapis.com/oauth2/v3/token [none]
[debug] [2026-07-03T00:26:01.383Z] >>> [apiv2][body] POST https://www.googleapis.com/oauth2/v3/token [omitted]
[error] Authentication Error: Your credentials are no longer valid. Please run firebase login --reauth

For CI servers and headless environments, generate a new token with firebase login:ci
[debug] [2026-07-03T00:26:11.863Z] Authentication Error: Your credentials are no longer valid. Please run firebase login --reauth

For CI servers and headless environments, generate a new token with firebase login:ci
[debug] [2026-07-03T00:26:11.864Z] FirebaseError: Authentication Error: Your credentials are no longer valid. Please run firebase login --reauth

For CI servers and headless environments, generate a new token with firebase login:ci
    at invalidCredentialError (C:\Users\Project\AppData\Roaming\npm\node_modules\firebase-tools\lib\auth.js:177:12)
    at refreshTokens (C:\Users\Project\AppData\Roaming\npm\node_modules\firebase-tools\lib\auth.js:590:15)
    at process.processTicksAndRejections (node:internal/process/task_queues:104:5)
    at async getAccessToken (C:\Users\Project\AppData\Roaming\npm\node_modules\firebase-tools\lib\apiv2.js:52:18)
    at async Client.addAuthHeader (C:\Users\Project\AppData\Roaming\npm\node_modules\firebase-tools\lib\apiv2.js:182:21)
    at async Client.request (C:\Users\Project\AppData\Roaming\npm\node_modules\firebase-tools\lib\apiv2.js:129:34)
    at async getProjectPage (C:\Users\Project\AppData\Roaming\npm\node_modules\firebase-tools\lib\management\projects.js:287:17)
    at async getFirebaseProjectPage (C:\Users\Project\AppData\Roaming\npm\node_modules\firebase-tools\lib\management\projects.js:304:23)
    at async listFirebaseProjects (C:\Users\Project\AppData\Roaming\npm\node_modules\firebase-tools\lib\management\projects.js:333:29)
    at async Command.actionFn (C:\Users\Project\AppData\Roaming\npm\node_modules\firebase-tools\lib\commands\projects-list.js:51:20)
[error] 
[error] Error: Failed to list Firebase projects. See firebase-debug.log for more info.
